<?xml version="1.0" encoding="UTF-8"?>
<!-- Generated by org.testng.reporters.JUnitXMLReporter -->
<testsuite ignored="0" hostname="LAPTOP-BBV4M2VF" failures="0" tests="3" name="Default test" time="94.451" errors="0" timestamp="2020-04-10T01:15:38 IST">
  <testcase classname="testcases.ValidateFacebookNewsFeedsPageTest" name="postCreationValidation" time="18.4"/>
  <testcase classname="testcases.ValidateFacebookNewsFeedsPageTest" name="testMessengerLink" time="14.82"/>
  <testcase classname="testcases.ValidateFacebookNewsFeedsPageTest" name="profileNavigationLink" time="12.682"/>
</testsuite> <!-- Default test -->
