<?xml version="1.0" encoding="UTF-8"?>
<testng-results ignored="0" total="7" passed="6" failed="1" skipped="0">
  <reporter-output>
  </reporter-output>
  <suite started-at="2020-04-11T21:39:04 IST" name="Suite" finished-at="2020-04-11T21:43:03 IST" duration-ms="239139">
    <groups>
    </groups>
    <test started-at="2020-04-11T21:39:04 IST" name="Test" finished-at="2020-04-11T21:43:03 IST" duration-ms="239139">
      <class name="testcases.LoginFunctionalityTest">
        <test-method is-config="true" signature="setup()[pri:0, instance:testcases.LoginFunctionalityTest@4212a0c8]" started-at="2020-04-11T21:40:47 IST" name="setup" finished-at="2020-04-11T21:41:00 IST" duration-ms="13357" status="PASS">
          <reporter-output>
          </reporter-output>
        </test-method> <!-- setup -->
        <test-method signature="loginTest(java.lang.String, java.lang.String)[pri:0, instance:testcases.LoginFunctionalityTest@4212a0c8]" started-at="2020-04-11T21:41:00 IST" name="loginTest" data-provider="getLoginData" finished-at="2020-04-11T21:41:12 IST" duration-ms="11356" status="PASS">
          <params>
            <param index="0">
              <value>
                <![CDATA[mohnani.anil@gmail.com]]>
              </value>
            </param>
            <param index="1">
              <value>
                <![CDATA[Sarswati123$$]]>
              </value>
            </param>
          </params>
          <reporter-output>
          </reporter-output>
        </test-method> <!-- loginTest -->
        <test-method is-config="true" signature="teardown()[pri:0, instance:testcases.LoginFunctionalityTest@4212a0c8]" started-at="2020-04-11T21:41:12 IST" name="teardown" finished-at="2020-04-11T21:41:17 IST" duration-ms="4908" status="PASS">
          <reporter-output>
          </reporter-output>
        </test-method> <!-- teardown -->
      </class> <!-- testcases.LoginFunctionalityTest -->
      <class name="testcases.ValidateLoginTest">
        <test-method is-config="true" signature="setup()[pri:0, instance:testcases.ValidateLoginTest@698122b2]" started-at="2020-04-11T21:40:23 IST" name="setup" finished-at="2020-04-11T21:40:33 IST" duration-ms="9888" status="PASS">
          <reporter-output>
          </reporter-output>
        </test-method> <!-- setup -->
        <test-method signature="testLoginLink()[pri:0, instance:testcases.ValidateLoginTest@698122b2]" started-at="2020-04-11T21:40:33 IST" name="testLoginLink" finished-at="2020-04-11T21:40:41 IST" duration-ms="8394" status="PASS">
          <reporter-output>
          </reporter-output>
        </test-method> <!-- testLoginLink -->
        <test-method is-config="true" signature="tearDown()[pri:0, instance:testcases.ValidateLoginTest@698122b2]" started-at="2020-04-11T21:40:41 IST" name="tearDown" finished-at="2020-04-11T21:40:45 IST" duration-ms="4443" status="PASS">
          <reporter-output>
          </reporter-output>
        </test-method> <!-- tearDown -->
      </class> <!-- testcases.ValidateLoginTest -->
      <class name="testcases.ValidateSearch">
        <test-method is-config="true" signature="setup()[pri:0, instance:testcases.ValidateSearch@3542162a]" started-at="2020-04-11T21:39:04 IST" name="setup" finished-at="2020-04-11T21:39:17 IST" duration-ms="12790" status="PASS">
          <reporter-output>
          </reporter-output>
        </test-method> <!-- setup -->
        <test-method signature="testSearch(java.lang.String, java.lang.String, java.lang.String)[pri:0, instance:testcases.ValidateSearch@3542162a]" started-at="2020-04-11T21:39:17 IST" name="testSearch" data-provider="getData" finished-at="2020-04-11T21:39:43 IST" duration-ms="26485" status="PASS">
          <params>
            <param index="0">
              <value>
                <![CDATA[6]]>
              </value>
            </param>
            <param index="1">
              <value>
                <![CDATA[12]]>
              </value>
            </param>
            <param index="2">
              <value>
                <![CDATA[15]]>
              </value>
            </param>
          </params>
          <reporter-output>
          </reporter-output>
        </test-method> <!-- testSearch -->
        <test-method is-config="true" signature="tearDown()[pri:0, instance:testcases.ValidateSearch@3542162a]" started-at="2020-04-11T21:39:43 IST" name="tearDown" finished-at="2020-04-11T21:39:47 IST" duration-ms="4197" status="PASS">
          <reporter-output>
          </reporter-output>
        </test-method> <!-- tearDown -->
        <test-method is-config="true" signature="setup()[pri:0, instance:testcases.ValidateSearch@3542162a]" started-at="2020-04-11T21:39:47 IST" name="setup" finished-at="2020-04-11T21:39:57 IST" duration-ms="9838" status="PASS">
          <reporter-output>
          </reporter-output>
        </test-method> <!-- setup -->
        <test-method signature="testSearch(java.lang.String, java.lang.String, java.lang.String)[pri:0, instance:testcases.ValidateSearch@3542162a]" started-at="2020-04-11T21:39:57 IST" name="testSearch" data-provider="getData" finished-at="2020-04-11T21:40:18 IST" duration-ms="21318" status="PASS">
          <params>
            <param index="0">
              <value>
                <![CDATA[4]]>
              </value>
            </param>
            <param index="1">
              <value>
                <![CDATA[10]]>
              </value>
            </param>
            <param index="2">
              <value>
                <![CDATA[17]]>
              </value>
            </param>
          </params>
          <reporter-output>
          </reporter-output>
        </test-method> <!-- testSearch -->
        <test-method is-config="true" signature="tearDown()[pri:0, instance:testcases.ValidateSearch@3542162a]" started-at="2020-04-11T21:40:18 IST" name="tearDown" finished-at="2020-04-11T21:40:23 IST" duration-ms="4287" status="PASS">
          <reporter-output>
          </reporter-output>
        </test-method> <!-- tearDown -->
      </class> <!-- testcases.ValidateSearch -->
      <class name="testcases.ValidateFacebookNewsFeedsPageTest">
        <test-method is-config="true" signature="setup()[pri:0, instance:testcases.ValidateFacebookNewsFeedsPageTest@1e7aa82b]" started-at="2020-04-11T21:41:17 IST" name="setup" finished-at="2020-04-11T21:41:32 IST" duration-ms="15899" status="PASS">
          <reporter-output>
          </reporter-output>
        </test-method> <!-- setup -->
        <test-method signature="postCreationValidation(java.lang.String)[pri:1, instance:testcases.ValidateFacebookNewsFeedsPageTest@1e7aa82b]" started-at="2020-04-11T21:41:32 IST" name="postCreationValidation" data-provider="getPostData" finished-at="2020-04-11T21:41:52 IST" duration-ms="19118" status="FAIL">
          <params>
            <param index="0">
              <value>
                <![CDATA[india]]>
              </value>
            </param>
          </params>
          <exception class="org.openqa.selenium.NoSuchElementException">
            <message>
              <![CDATA[no such element: Unable to locate element: {"method":"css selector","selector":"[role='textbox']"}
  (Session info: chrome=80.0.3987.163)
For documentation on this error, please visit: https://www.seleniumhq.org/exceptions/no_such_element.html
Build info: version: '3.141.59', revision: 'e82be7d358', time: '2018-11-14T08:17:03'
System info: host: 'LAPTOP-BBV4M2VF', ip: '192.168.1.107', os.name: 'Windows 10', os.arch: 'amd64', os.version: '10.0', java.version: '11.0.5'
Driver info: org.openqa.selenium.chrome.ChromeDriver
Capabilities {acceptInsecureCerts: false, browserName: chrome, browserVersion: 80.0.3987.163, chrome: {chromedriverVersion: 80.0.3987.106 (f68069574609..., userDataDir: C:\Users\AnilY\AppData\Loca...}, goog:chromeOptions: {debuggerAddress: localhost:62334}, javascriptEnabled: true, networkConnectionEnabled: false, pageLoadStrategy: normal, platform: WINDOWS, platformName: WINDOWS, proxy: Proxy(), setWindowRect: true, strictFileInteractability: false, timeouts: {implicit: 0, pageLoad: 300000, script: 30000}, unhandledPromptBehavior: dismiss and notify}
Session ID: 31b7e39e168d78e2e9f7cd607bdd33b7
*** Element info: {Using=css selector, value=[role='textbox']}]]>
            </message>
            <full-stacktrace>
              <![CDATA[org.openqa.selenium.NoSuchElementException: no such element: Unable to locate element: {"method":"css selector","selector":"[role='textbox']"}
  (Session info: chrome=80.0.3987.163)
For documentation on this error, please visit: https://www.seleniumhq.org/exceptions/no_such_element.html
Build info: version: '3.141.59', revision: 'e82be7d358', time: '2018-11-14T08:17:03'
System info: host: 'LAPTOP-BBV4M2VF', ip: '192.168.1.107', os.name: 'Windows 10', os.arch: 'amd64', os.version: '10.0', java.version: '11.0.5'
Driver info: org.openqa.selenium.chrome.ChromeDriver
Capabilities {acceptInsecureCerts: false, browserName: chrome, browserVersion: 80.0.3987.163, chrome: {chromedriverVersion: 80.0.3987.106 (f68069574609..., userDataDir: C:\Users\AnilY\AppData\Loca...}, goog:chromeOptions: {debuggerAddress: localhost:62334}, javascriptEnabled: true, networkConnectionEnabled: false, pageLoadStrategy: normal, platform: WINDOWS, platformName: WINDOWS, proxy: Proxy(), setWindowRect: true, strictFileInteractability: false, timeouts: {implicit: 0, pageLoad: 300000, script: 30000}, unhandledPromptBehavior: dismiss and notify}
Session ID: 31b7e39e168d78e2e9f7cd607bdd33b7
*** Element info: {Using=css selector, value=[role='textbox']}
at java.base/jdk.internal.reflect.NativeConstructorAccessorImpl.newInstance0(Native Method)
at java.base/jdk.internal.reflect.NativeConstructorAccessorImpl.newInstance(NativeConstructorAccessorImpl.java:62)
at java.base/jdk.internal.reflect.DelegatingConstructorAccessorImpl.newInstance(DelegatingConstructorAccessorImpl.java:45)
at java.base/java.lang.reflect.Constructor.newInstance(Constructor.java:490)
at org.openqa.selenium.remote.http.W3CHttpResponseCodec.createException(W3CHttpResponseCodec.java:187)
at org.openqa.selenium.remote.http.W3CHttpResponseCodec.decode(W3CHttpResponseCodec.java:122)
at org.openqa.selenium.remote.http.W3CHttpResponseCodec.decode(W3CHttpResponseCodec.java:49)
at org.openqa.selenium.remote.HttpCommandExecutor.execute(HttpCommandExecutor.java:158)
at org.openqa.selenium.remote.service.DriverCommandExecutor.execute(DriverCommandExecutor.java:83)
at org.openqa.selenium.remote.RemoteWebDriver.execute(RemoteWebDriver.java:552)
at org.openqa.selenium.remote.RemoteWebDriver.findElement(RemoteWebDriver.java:323)
at org.openqa.selenium.remote.RemoteWebDriver.findElementByCssSelector(RemoteWebDriver.java:420)
at org.openqa.selenium.By$ByCssSelector.findElement(By.java:431)
at org.openqa.selenium.remote.RemoteWebDriver.findElement(RemoteWebDriver.java:315)
at pages.FacebookNewsFeedPage.writePost(FacebookNewsFeedPage.java:49)
at testcases.ValidateFacebookNewsFeedsPageTest.postCreationValidation(ValidateFacebookNewsFeedsPageTest.java:61)
at java.base/jdk.internal.reflect.NativeMethodAccessorImpl.invoke0(Native Method)
at java.base/jdk.internal.reflect.NativeMethodAccessorImpl.invoke(NativeMethodAccessorImpl.java:62)
at java.base/jdk.internal.reflect.DelegatingMethodAccessorImpl.invoke(DelegatingMethodAccessorImpl.java:43)
at java.base/java.lang.reflect.Method.invoke(Method.java:566)
at org.testng.internal.MethodInvocationHelper.invokeMethod(MethodInvocationHelper.java:134)
at org.testng.internal.TestInvoker.invokeMethod(TestInvoker.java:597)
at org.testng.internal.TestInvoker.invokeTestMethod(TestInvoker.java:173)
at org.testng.internal.MethodRunner.runInSequence(MethodRunner.java:46)
at org.testng.internal.TestInvoker$MethodInvocationAgent.invoke(TestInvoker.java:816)
at org.testng.internal.TestInvoker.invokeTestMethods(TestInvoker.java:146)
at org.testng.internal.TestMethodWorker.invokeTestMethods(TestMethodWorker.java:146)
at org.testng.internal.TestMethodWorker.run(TestMethodWorker.java:128)
at java.base/java.util.ArrayList.forEach(ArrayList.java:1540)
at org.testng.TestRunner.privateRun(TestRunner.java:766)
at org.testng.TestRunner.run(TestRunner.java:587)
at org.testng.SuiteRunner.runTest(SuiteRunner.java:384)
at org.testng.SuiteRunner.runSequentially(SuiteRunner.java:378)
at org.testng.SuiteRunner.privateRun(SuiteRunner.java:337)
at org.testng.SuiteRunner.run(SuiteRunner.java:286)
at org.testng.SuiteRunnerWorker.runSuite(SuiteRunnerWorker.java:53)
at org.testng.SuiteRunnerWorker.run(SuiteRunnerWorker.java:96)
at org.testng.TestNG.runSuitesSequentially(TestNG.java:1187)
at org.testng.TestNG.runSuitesLocally(TestNG.java:1109)
at org.testng.TestNG.runSuites(TestNG.java:1039)
at org.testng.TestNG.run(TestNG.java:1007)
at org.apache.maven.surefire.testng.TestNGExecutor.run(TestNGExecutor.java:283)
at org.apache.maven.surefire.testng.TestNGXmlTestSuite.execute(TestNGXmlTestSuite.java:75)
at org.apache.maven.surefire.testng.TestNGProvider.invoke(TestNGProvider.java:120)
at org.apache.maven.surefire.booter.ForkedBooter.invokeProviderInSameClassLoader(ForkedBooter.java:384)
at org.apache.maven.surefire.booter.ForkedBooter.runSuitesInProcess(ForkedBooter.java:345)
at org.apache.maven.surefire.booter.ForkedBooter.execute(ForkedBooter.java:126)
at org.apache.maven.surefire.booter.ForkedBooter.main(ForkedBooter.java:418)
]]>
            </full-stacktrace>
          </exception> <!-- org.openqa.selenium.NoSuchElementException -->
          <reporter-output>
          </reporter-output>
        </test-method> <!-- postCreationValidation -->
        <test-method is-config="true" signature="tear()[pri:0, instance:testcases.ValidateFacebookNewsFeedsPageTest@1e7aa82b]" started-at="2020-04-11T21:41:53 IST" name="tear" finished-at="2020-04-11T21:41:53 IST" duration-ms="193" status="PASS">
          <reporter-output>
          </reporter-output>
        </test-method> <!-- tear -->
        <test-method is-config="true" signature="setup()[pri:0, instance:testcases.ValidateFacebookNewsFeedsPageTest@1e7aa82b]" started-at="2020-04-11T21:41:53 IST" name="setup" finished-at="2020-04-11T21:42:10 IST" duration-ms="17260" status="PASS">
          <reporter-output>
          </reporter-output>
        </test-method> <!-- setup -->
        <test-method signature="testMessengerLink()[pri:2, instance:testcases.ValidateFacebookNewsFeedsPageTest@1e7aa82b]" started-at="2020-04-11T21:42:10 IST" name="testMessengerLink" finished-at="2020-04-11T21:42:32 IST" duration-ms="21767" status="PASS">
          <reporter-output>
          </reporter-output>
        </test-method> <!-- testMessengerLink -->
        <test-method is-config="true" signature="tear()[pri:0, instance:testcases.ValidateFacebookNewsFeedsPageTest@1e7aa82b]" started-at="2020-04-11T21:42:32 IST" name="tear" finished-at="2020-04-11T21:42:32 IST" duration-ms="189" status="PASS">
          <reporter-output>
          </reporter-output>
        </test-method> <!-- tear -->
        <test-method is-config="true" signature="setup()[pri:0, instance:testcases.ValidateFacebookNewsFeedsPageTest@1e7aa82b]" started-at="2020-04-11T21:42:32 IST" name="setup" finished-at="2020-04-11T21:42:47 IST" duration-ms="14778" status="PASS">
          <reporter-output>
          </reporter-output>
        </test-method> <!-- setup -->
        <test-method signature="profileNavigationLink()[pri:3, instance:testcases.ValidateFacebookNewsFeedsPageTest@1e7aa82b]" started-at="2020-04-11T21:42:47 IST" name="profileNavigationLink" finished-at="2020-04-11T21:43:03 IST" duration-ms="16030" status="PASS">
          <reporter-output>
          </reporter-output>
        </test-method> <!-- profileNavigationLink -->
        <test-method is-config="true" signature="tear()[pri:0, instance:testcases.ValidateFacebookNewsFeedsPageTest@1e7aa82b]" started-at="2020-04-11T21:43:03 IST" name="tear" finished-at="2020-04-11T21:43:03 IST" duration-ms="88" status="PASS">
          <reporter-output>
          </reporter-output>
        </test-method> <!-- tear -->
      </class> <!-- testcases.ValidateFacebookNewsFeedsPageTest -->
    </test> <!-- Test -->
  </suite> <!-- Suite -->
</testng-results>
