<?xml version="1.0" encoding="UTF-8"?>
<testsuite xmlns:xsi="http://www.w3.org/2001/XMLSchema-instance" xsi:noNamespaceSchemaLocation="https://maven.apache.org/surefire/maven-surefire-plugin/xsd/surefire-test-report.xsd" name="TestSuite" time="242.082" tests="7" errors="0" skipped="0" failures="1">
  <properties>
[...]
</properties>
  <testcase name="testSearch" classname="testcases.ValidateSearch" time="26.488"/>
  <testcase name="testSearch" classname="testcases.ValidateSearch" time="21.318"/>
  <testcase name="testLoginLink" classname="testcases.ValidateLoginTest" time="8.394"/>
  <testcase name="loginTest" classname="testcases.LoginFunctionalityTest" time="11.358"/>
  <testcase name="postCreationValidation" classname="testcases.ValidateFacebookNewsFeedsPageTest" time="20.155">
    <failure message="no such element: Unable to locate element: {&quot;method&quot;:&quot;css selector&quot;,&quot;selector&quot;:&quot;[role=&apos;textbox&apos;]&quot;}&#10;  (Session info: chrome=80.0.3987.163)&#10;For documentation on this error, please visit: https://www.seleniumhq.org/exceptions/no_such_element.html&#10;Build info: version: &apos;3.141.59&apos;, revision: &apos;e82be7d358&apos;, time: &apos;2018-11-14T08:17:03&apos;&#10;System info: host: &apos;LAPTOP-BBV4M2VF&apos;, ip: &apos;192.168.1.107&apos;, os.name: &apos;Windows 10&apos;, os.arch: &apos;amd64&apos;, os.version: &apos;10.0&apos;, java.version: &apos;11.0.5&apos;&#10;Driver info: org.openqa.selenium.chrome.ChromeDriver&#10;Capabilities {acceptInsecureCerts: false, browserName: chrome, browserVersion: 80.0.3987.163, chrome: {chromedriverVersion: 80.0.3987.106 (f68069574609..., userDataDir: C:\Users\AnilY\AppData\Loca...}, goog:chromeOptions: {debuggerAddress: localhost:62334}, javascriptEnabled: true, networkConnectionEnabled: false, pageLoadStrategy: normal, platform: WINDOWS, platformName: WINDOWS, proxy: Proxy(), setWindowRect: true, strictFileInteractability: false, timeouts: {implicit: 0, pageLoad: 300000, script: 30000}, unhandledPromptBehavior: dismiss and notify}&#10;Session ID: 31b7e39e168d78e2e9f7cd607bdd33b7&#10;*** Element info: {Using=css selector, value=[role=&apos;textbox&apos;]}" type="org.openqa.selenium.NoSuchElementException">org.openqa.selenium.NoSuchElementException: 
no such element: Unable to locate element: {"method":"css selector","selector":"[role='textbox']"}
  (Session info: chrome=80.0.3987.163)
For documentation on this error, please visit: https://www.seleniumhq.org/exceptions/no_such_element.html
Build info: version: '3.141.59', revision: 'e82be7d358', time: '2018-11-14T08:17:03'
System info: host: 'LAPTOP-BBV4M2VF', ip: '192.168.1.107', os.name: 'Windows 10', os.arch: 'amd64', os.version: '10.0', java.version: '11.0.5'
Driver info: org.openqa.selenium.chrome.ChromeDriver
Capabilities {acceptInsecureCerts: false, browserName: chrome, browserVersion: 80.0.3987.163, chrome: {chromedriverVersion: 80.0.3987.106 (f68069574609..., userDataDir: C:\Users\AnilY\AppData\Loca...}, goog:chromeOptions: {debuggerAddress: localhost:62334}, javascriptEnabled: true, networkConnectionEnabled: false, pageLoadStrategy: normal, platform: WINDOWS, platformName: WINDOWS, proxy: Proxy(), setWindowRect: true, strictFileInteractability: false, timeouts: {implicit: 0, pageLoad: 300000, script: 30000}, unhandledPromptBehavior: dismiss and notify}
Session ID: 31b7e39e168d78e2e9f7cd607bdd33b7
*** Element info: {Using=css selector, value=[role='textbox']}
	at testcases.ValidateFacebookNewsFeedsPageTest.postCreationValidation(ValidateFacebookNewsFeedsPageTest.java:61)
</failure>
    <system-out><![CDATA[hey
"chrome"
]]></system-out>
    <system-err><![CDATA[Starting ChromeDriver 80.0.3987.106 (f68069574609230cf9b635cd784cfb1bf81bb53a-refs/branch-heads/3987@{#882}) on port 32590
Only local connections are allowed.
Please protect ports used by ChromeDriver and related test frameworks to prevent access by malicious code.
[1586621482.445][WARNING]: Timed out connecting to Chrome, retrying...
Apr 11, 2020 9:41:24 PM org.openqa.selenium.remote.ProtocolHandshake createSession
INFO: Detected dialect: W3C
[1586621486.560][WARNING]: Timed out connecting to Chrome, retrying...
[1586621489.189][SEVERE]: Timed out receiving message from renderer: 0.100
[1586621489.290][SEVERE]: Timed out receiving message from renderer: 0.100
[1586621489.709][SEVERE]: Timed out receiving message from renderer: 0.100
[1586621490.041][SEVERE]: Timed out receiving message from renderer: 0.100
[1586621490.142][SEVERE]: Timed out receiving message from renderer: 0.100
[1586621490.244][SEVERE]: Timed out receiving message from renderer: 0.100
[1586621490.348][SEVERE]: Timed out receiving message from renderer: 0.100
[1586621490.451][SEVERE]: Timed out receiving message from renderer: 0.100
[1586621490.555][SEVERE]: Timed out receiving message from renderer: 0.100
[1586621490.659][SEVERE]: Timed out receiving message from renderer: 0.100
[1586621490.760][SEVERE]: Timed out receiving message from renderer: 0.100
[1586621490.865][SEVERE]: Timed out receiving message from renderer: 0.100
[1586621491.095][SEVERE]: Timed out receiving message from renderer: 0.100
[1586621491.285][SEVERE]: Timed out receiving message from renderer: 0.100
[1586621491.647][SEVERE]: Timed out receiving message from renderer: 0.100
[1586621491.748][SEVERE]: Timed out receiving message from renderer: 0.100
[1586621491.932][SEVERE]: Timed out receiving message from renderer: 0.100
[1586621492.035][SEVERE]: Timed out receiving message from renderer: 0.100
[1586621492.170][SEVERE]: Timed out receiving message from renderer: 0.100
[1586621496.233][SEVERE]: Timed out receiving message from renderer: 0.100
[1586621496.780][SEVERE]: Timed out receiving message from renderer: 0.100
[1586621497.119][SEVERE]: Timed out receiving message from renderer: 0.100
[1586621498.465][SEVERE]: Timed out receiving message from renderer: 0.100
]]></system-err>
  </testcase>
  <testcase name="testMessengerLink" classname="testcases.ValidateFacebookNewsFeedsPageTest" time="21.766"/>
  <testcase name="profileNavigationLink" classname="testcases.ValidateFacebookNewsFeedsPageTest" time="16.029"/>
</testsuite>